220902194419.929 INFO 'ansible_navigator.setup_logger' New ansible-navigator instance, logging initialized
220902194419.929 INFO 'ansible_navigator.setup_logger' New ansible-runner instance, logging initialized
220902194419.930 DEBUG 'ansible_navigator.main' Share directory '/home/eames/.local/lib/python3.6/share/ansible_navigator' not found (development path)
220902194419.930 DEBUG 'ansible_navigator.main' Share directory '/home/eames/.local/share/ansible_navigator' found (userbase)
220902194419.930 DEBUG 'ansible_navigator.main' Default collection_doc_cache_path set to: /home/eames/.cache/ansible-navigator/collection_doc_cache.db
220902194419.930 DEBUG 'ansible_navigator.main' EDITOR environment variable not set
220902194419.930 DEBUG 'ansible_navigator.main' Default editor_command set to: vi +{line_number} {filename}
220902194419.930 DEBUG 'ansible_navigator.main' Found a config file at /home/eames/.ansible-navigator.yml set by ANSIBLE_NAVIGATOR_CONFIG
220902194419.930 DEBUG 'ansible_navigator.main' Config file at /home/eames/.ansible-navigator.yml set by ANSIBLE_NAVIGATOR_CONFIG is viable
220902194419.930 DEBUG 'ansible_navigator.main' Looking in /home/eames
220902194419.930 DEBUG 'ansible_navigator.main' Looking for '/home/eames/.ansible-navigator.yml', '/home/eames/.ansible-navigator.yaml' and '/home/eames/.ansible-navigator.json'
220902194419.930 DEBUG 'ansible_navigator.main' Found 1: '/home/eames/.ansible-navigator.yml'
220902194419.930 DEBUG 'ansible_navigator.main' Looking in /home/eames/github/AnsibleAutomationPlatform
220902194419.930 DEBUG 'ansible_navigator.main' Looking for '/home/eames/github/AnsibleAutomationPlatform/ansible-navigator.yml', '/home/eames/github/AnsibleAutomationPlatform/ansible-navigator.yaml' and '/home/eames/github/AnsibleAutomationPlatform/ansible-navigator.json'
220902194419.930 DEBUG 'ansible_navigator.main' Found 0: 
220902194419.930 DEBUG 'ansible_navigator.main' All found 1: '/home/eames/.ansible-navigator.yml'
220902194419.930 DEBUG 'ansible_navigator.main' Using: /home/eames/.ansible-navigator.yml
220902194419.930 DEBUG 'ansible_navigator.main' Using settings file at /home/eames/.ansible-navigator.yml set by ANSIBLE_NAVIGATOR_CONFIG
220902194419.930 DEBUG 'ansible_navigator.main' Command provided: 'date_time.yml -m stdout'
220902194419.930 DEBUG 'ansible_navigator.main' ansible-navigator.ansible-runner.artifact-dir not found in settings file
220902194419.930 DEBUG 'ansible_navigator.main' ansible-navigator.ansible-runner.rotate-artifacts-count not found in settings file
220902194419.930 DEBUG 'ansible_navigator.main' ansible-navigator.ansible-runner.timeout not found in settings file
220902194419.930 DEBUG 'ansible_navigator.main' ansible-navigator.app not found in settings file
220902194419.930 DEBUG 'ansible_navigator.main' ansible-navigator.ansible.cmdline not found in settings file
220902194419.930 DEBUG 'ansible_navigator.main' ansible-navigator.collection-doc-cache-path not found in settings file
220902194419.930 DEBUG 'ansible_navigator.main' ansible-navigator.ansible.config not found in settings file
220902194419.930 DEBUG 'ansible_navigator.main' ansible-navigator.execution-environment.container-options not found in settings file
220902194419.930 DEBUG 'ansible_navigator.main' ansible-navigator.color.enable not found in settings file
220902194419.930 DEBUG 'ansible_navigator.main' ansible-navigator.help-config not found in settings file
220902194419.930 DEBUG 'ansible_navigator.main' ansible-navigator.help-doc not found in settings file
220902194419.930 DEBUG 'ansible_navigator.main' ansible-navigator.help-inventory not found in settings file
220902194419.930 DEBUG 'ansible_navigator.main' ansible-navigator.help-playbook not found in settings file
220902194419.930 DEBUG 'ansible_navigator.main' ansible-navigator.inventory-columns not found in settings file
220902194419.930 DEBUG 'ansible_navigator.main' ansible-navigator.logging.append not found in settings file
220902194419.930 DEBUG 'ansible_navigator.main' ansible-navigator.logging.file not found in settings file
220902194419.930 DEBUG 'ansible_navigator.main' ansible-navigator.logging.level not found in settings file
220902194419.930 DEBUG 'ansible_navigator.main' ansible-navigator.mode not found in settings file
220902194419.930 DEBUG 'ansible_navigator.main' ansible-navigator.color.osc4 not found in settings file
220902194419.930 DEBUG 'ansible_navigator.main' ansible-navigator.execution-environment.environment-variables.pass not found in settings file
220902194419.930 DEBUG 'ansible_navigator.main' ansible-navigator.ansible.playbook not found in settings file
220902194419.930 DEBUG 'ansible_navigator.main' ansible-navigator.playbook-artifact.enable not found in settings file
220902194419.930 DEBUG 'ansible_navigator.main' ansible-navigator.playbook-artifact.replay not found in settings file
220902194419.931 DEBUG 'ansible_navigator.main' ansible-navigator.documentation.plugin.name not found in settings file
220902194419.931 DEBUG 'ansible_navigator.main' ansible-navigator.documentation.plugin.type not found in settings file
220902194419.931 DEBUG 'ansible_navigator.main' ansible-navigator.execution-environment.environment-variables.set not found in settings file
220902194419.931 WARNING 'ansible_navigator.main' Configuration errors encountered, rolling back to previous configuration.
220902194419.931 DEBUG 'ansible_navigator.main' Prior to rollback: ansible_runner_artifact_dir = 'Constants.NOT_SET' (Constants/value has not been set)
220902194419.931 DEBUG 'ansible_navigator.main' Prior to rollback: ansible_runner_rotate_artifacts_count = 'Constants.NOT_SET' (Constants/value has not been set)
220902194419.931 DEBUG 'ansible_navigator.main' Prior to rollback: ansible_runner_timeout = 'Constants.NOT_SET' (Constants/value has not been set)
220902194419.931 DEBUG 'ansible_navigator.main' Prior to rollback: app = 'welcome' (str/default configuration value)
220902194419.931 DEBUG 'ansible_navigator.main' Prior to rollback: cmdline = 'Constants.NOT_SET' (Constants/value has not been set)
220902194419.931 DEBUG 'ansible_navigator.main' Prior to rollback: collection_doc_cache_path = '/home/eames/.cache/ansible-navigator/collection_doc_cache.db' (str/default configuration value)
220902194419.931 DEBUG 'ansible_navigator.main' Prior to rollback: config = 'Constants.NOT_SET' (Constants/value has not been set)
220902194419.931 DEBUG 'ansible_navigator.main' Prior to rollback: container_engine = 'podman' (str/user provided configuration file)
220902194419.931 DEBUG 'ansible_navigator.main' Prior to rollback: container_options = 'Constants.NOT_SET' (Constants/value has not been set)
220902194419.931 DEBUG 'ansible_navigator.main' Prior to rollback: display_color = 'True' (bool/default configuration value)
220902194419.931 DEBUG 'ansible_navigator.main' Prior to rollback: editor_command = 'code-server {filename}' (str/user provided configuration file)
220902194419.931 DEBUG 'ansible_navigator.main' Prior to rollback: editor_console = 'False' (bool/user provided configuration file)
220902194419.931 DEBUG 'ansible_navigator.main' Prior to rollback: execution_environment = 'True' (bool/user provided configuration file)
220902194419.931 DEBUG 'ansible_navigator.main' Prior to rollback: execution_environment_image = 'quay.io/ansible/network-ee:latest' (str/user provided configuration file)
220902194419.931 DEBUG 'ansible_navigator.main' Prior to rollback: execution_environment_volume_mounts = '[{'src': '/etc/ansible/', 'dest': '/etc/ansible/'}, {'src': '/tmp/network/', 'dest': '/tmp/network/'}]' (list/user provided configuration file)
220902194419.931 DEBUG 'ansible_navigator.main' Prior to rollback: help_config = 'False' (bool/default configuration value)
220902194419.931 DEBUG 'ansible_navigator.main' Prior to rollback: help_doc = 'False' (bool/default configuration value)
220902194419.931 DEBUG 'ansible_navigator.main' Prior to rollback: help_inventory = 'False' (bool/default configuration value)
220902194419.931 DEBUG 'ansible_navigator.main' Prior to rollback: help_playbook = 'False' (bool/default configuration value)
220902194419.931 DEBUG 'ansible_navigator.main' Prior to rollback: inventory = '['/home/$LOGNAME/hosts']' (list/user provided configuration file)
220902194419.931 DEBUG 'ansible_navigator.main' Prior to rollback: inventory_column = 'Constants.NOT_SET' (Constants/value has not been set)
220902194419.931 DEBUG 'ansible_navigator.main' Prior to rollback: log_append = 'True' (bool/default configuration value)
220902194419.931 DEBUG 'ansible_navigator.main' Prior to rollback: log_file = '/home/eames/github/AnsibleAutomationPlatform/ansible-navigator.log' (str/default configuration value)
220902194419.931 DEBUG 'ansible_navigator.main' Prior to rollback: log_level = 'warning' (str/default configuration value)
220902194419.931 DEBUG 'ansible_navigator.main' Prior to rollback: mode = 'interactive' (str/default configuration value)
220902194419.931 DEBUG 'ansible_navigator.main' Prior to rollback: osc4 = 'True' (bool/default configuration value)
220902194419.931 DEBUG 'ansible_navigator.main' Prior to rollback: pass_environment_variable = 'Constants.NOT_SET' (Constants/value has not been set)
220902194419.931 DEBUG 'ansible_navigator.main' Prior to rollback: playbook = 'Constants.NOT_SET' (Constants/value has not been set)
220902194419.931 DEBUG 'ansible_navigator.main' Prior to rollback: playbook_artifact_enable = 'True' (bool/default configuration value)
220902194419.931 DEBUG 'ansible_navigator.main' Prior to rollback: playbook_artifact_replay = 'Constants.NOT_SET' (Constants/value has not been set)
220902194419.931 DEBUG 'ansible_navigator.main' Prior to rollback: playbook_artifact_save_as = '/home/$LOGNAME/playbook-artifacts/{playbook_name}-artifact-{ts_utc}.json' (str/user provided configuration file)
220902194419.931 DEBUG 'ansible_navigator.main' Prior to rollback: plugin_name = 'Constants.NOT_SET' (Constants/value has not been set)
220902194419.931 DEBUG 'ansible_navigator.main' Prior to rollback: plugin_type = 'module' (str/default configuration value)
220902194419.931 DEBUG 'ansible_navigator.main' Prior to rollback: pull_policy = 'missing' (str/user provided configuration file)
220902194419.931 DEBUG 'ansible_navigator.main' Prior to rollback: set_environment_variable = 'Constants.NOT_SET' (Constants/value has not been set)
220902194419.931 DEBUG 'ansible_navigator.main' After rollback: ansible_runner_artifact_dir = 'Constants.NOT_SET' (Constants/value has not been set)
220902194419.931 DEBUG 'ansible_navigator.main' After rollback: ansible_runner_rotate_artifacts_count = 'Constants.NOT_SET' (Constants/value has not been set)
220902194419.932 DEBUG 'ansible_navigator.main' After rollback: ansible_runner_timeout = 'Constants.NOT_SET' (Constants/value has not been set)
220902194419.932 DEBUG 'ansible_navigator.main' After rollback: app = 'Constants.NOT_SET' (Constants/value has not been set)
220902194419.932 DEBUG 'ansible_navigator.main' After rollback: cmdline = 'Constants.NOT_SET' (Constants/value has not been set)
220902194419.932 DEBUG 'ansible_navigator.main' After rollback: collection_doc_cache_path = 'Constants.NOT_SET' (Constants/value has not been set)
220902194419.932 DEBUG 'ansible_navigator.main' After rollback: config = 'Constants.NOT_SET' (Constants/value has not been set)
220902194419.932 DEBUG 'ansible_navigator.main' After rollback: container_engine = 'Constants.NOT_SET' (Constants/value has not been set)
220902194419.932 DEBUG 'ansible_navigator.main' After rollback: container_options = 'Constants.NOT_SET' (Constants/value has not been set)
220902194419.932 DEBUG 'ansible_navigator.main' After rollback: display_color = 'Constants.NOT_SET' (Constants/value has not been set)
220902194419.932 DEBUG 'ansible_navigator.main' After rollback: editor_command = 'Constants.NOT_SET' (Constants/value has not been set)
220902194419.932 DEBUG 'ansible_navigator.main' After rollback: editor_console = 'Constants.NOT_SET' (Constants/value has not been set)
220902194419.932 DEBUG 'ansible_navigator.main' After rollback: execution_environment = 'Constants.NOT_SET' (Constants/value has not been set)
220902194419.932 DEBUG 'ansible_navigator.main' After rollback: execution_environment_image = 'Constants.NOT_SET' (Constants/value has not been set)
220902194419.932 DEBUG 'ansible_navigator.main' After rollback: execution_environment_volume_mounts = 'Constants.NOT_SET' (Constants/value has not been set)
220902194419.932 DEBUG 'ansible_navigator.main' After rollback: help_config = 'Constants.NOT_SET' (Constants/value has not been set)
220902194419.932 DEBUG 'ansible_navigator.main' After rollback: help_doc = 'Constants.NOT_SET' (Constants/value has not been set)
220902194419.932 DEBUG 'ansible_navigator.main' After rollback: help_inventory = 'Constants.NOT_SET' (Constants/value has not been set)
220902194419.932 DEBUG 'ansible_navigator.main' After rollback: help_playbook = 'Constants.NOT_SET' (Constants/value has not been set)
220902194419.932 DEBUG 'ansible_navigator.main' After rollback: inventory = 'Constants.NOT_SET' (Constants/value has not been set)
220902194419.932 DEBUG 'ansible_navigator.main' After rollback: inventory_column = 'Constants.NOT_SET' (Constants/value has not been set)
220902194419.932 DEBUG 'ansible_navigator.main' After rollback: log_append = 'Constants.NOT_SET' (Constants/value has not been set)
220902194419.932 DEBUG 'ansible_navigator.main' After rollback: log_file = 'Constants.NOT_SET' (Constants/value has not been set)
220902194419.932 DEBUG 'ansible_navigator.main' After rollback: log_level = 'Constants.NOT_SET' (Constants/value has not been set)
220902194419.932 DEBUG 'ansible_navigator.main' After rollback: mode = 'Constants.NOT_SET' (Constants/value has not been set)
220902194419.932 DEBUG 'ansible_navigator.main' After rollback: osc4 = 'Constants.NOT_SET' (Constants/value has not been set)
220902194419.932 DEBUG 'ansible_navigator.main' After rollback: pass_environment_variable = 'Constants.NOT_SET' (Constants/value has not been set)
220902194419.932 DEBUG 'ansible_navigator.main' After rollback: playbook = 'Constants.NOT_SET' (Constants/value has not been set)
220902194419.932 DEBUG 'ansible_navigator.main' After rollback: playbook_artifact_enable = 'Constants.NOT_SET' (Constants/value has not been set)
220902194419.932 DEBUG 'ansible_navigator.main' After rollback: playbook_artifact_replay = 'Constants.NOT_SET' (Constants/value has not been set)
220902194419.932 DEBUG 'ansible_navigator.main' After rollback: playbook_artifact_save_as = 'Constants.NOT_SET' (Constants/value has not been set)
220902194419.932 DEBUG 'ansible_navigator.main' After rollback: plugin_name = 'Constants.NOT_SET' (Constants/value has not been set)
220902194419.932 DEBUG 'ansible_navigator.main' After rollback: plugin_type = 'Constants.NOT_SET' (Constants/value has not been set)
220902194419.932 DEBUG 'ansible_navigator.main' After rollback: pull_policy = 'Constants.NOT_SET' (Constants/value has not been set)
220902194419.932 DEBUG 'ansible_navigator.main' After rollback: set_environment_variable = 'Constants.NOT_SET' (Constants/value has not been set)
220902194419.932 DEBUG 'ansible_navigator.main' Configuration rollback complete.
220902194419.932 ERROR 'ansible_navigator.main' Command provided: 'date_time.yml -m stdout'
220902194419.932 ERROR 'ansible_navigator.main' argument {subcommand} --help: invalid choice: 'date_time.yml' (choose from 'collections', 'config', 'doc', 'images', 'inventory', 'replay', 'run', 'welcome')
220902194419.932 ERROR 'ansible_navigator.main' Configuration failed, using default log file location: /home/eames/github/AnsibleAutomationPlatform/ansible-navigator.log. Log level set to debug
220902194419.932 INFO 'ansible_navigator.main' Review the hints and log file to see what went wrong: /home/eames/github/AnsibleAutomationPlatform/ansible-navigator.log
